2026-02-05 19:54:51  文件发生改变了, 重启。变化的文件：/cygdrive/d/SVN/WUJIE/01_platform/api_swoole/app/Modules//Config//Routes//HTTP.php
2026-02-05 20:02:02  文件发生改变了, 重启。变化的文件：/cygdrive/d/SVN/WUJIE/01_platform/api_swoole/app/Modules//Auth//Routes//HTTP.php
2026-02-05 20:03:34  文件发生改变了, 重启。变化的文件：/cygdrive/d/SVN/WUJIE/01_platform/api_swoole/app/Modules//Config//Routes//HTTP.php, /cygdrive/d/SVN/WUJIE/01_platform/api_swoole/app/Modules//Dashboard//Routes//HTTP.php, /cygdrive/d/SVN/WUJIE/01_platform/api_swoole/app/Modules//Feedback//Routes//HTTP.php, /cygdrive/d/SVN/WUJIE/01_platform/api_swoole/app/Modules//S3//Routes//HTTP.php
2026-02-05 20:03:36  文件发生改变了, 重启。变化的文件：/cygdrive/d/SVN/WUJIE/01_platform/api_swoole/app/Modules//Develop//Routes//HTTP.php, /cygdrive/d/SVN/WUJIE/01_platform/api_swoole/app/Modules//Index//Routes//HTTP.php, /cygdrive/d/SVN/WUJIE/01_platform/api_swoole/app/Modules//Maintenance//Routes//HTTP.php, /cygdrive/d/SVN/WUJIE/01_platform/api_swoole/app/Modules//TrackingPoint//Routes//HTTP.php
2026-02-05 20:06:37  文件发生改变了, 重启。变化的文件：/cygdrive/d/SVN/WUJIE/01_platform/api_swoole/app/Modules//Config//Controller//Http//Add.php
2026-02-05 20:06:50  文件发生改变了, 重启。变化的文件：/cygdrive/d/SVN/WUJIE/01_platform/api_swoole/app/Modules//Config//Controller//Http//Delete.php, /cygdrive/d/SVN/WUJIE/01_platform/api_swoole/app/Modules//Config//Controller//Http//Get.php, /cygdrive/d/SVN/WUJIE/01_platform/api_swoole/app/Modules//Config//Controller//Http//Page.php, /cygdrive/d/SVN/WUJIE/01_platform/api_swoole/app/Modules//Config//Controller//Http//Query.php
2026-02-05 20:07:09  文件发生改变了, 重启。变化的文件：/cygdrive/d/SVN/WUJIE/01_platform/api_swoole/app/Modules//Config//Controller//Http//Update//Info.php, /cygdrive/d/SVN/WUJIE/01_platform/api_swoole/app/Modules//Config//Controller//Http//Update//Multiple.php, /cygdrive/d/SVN/WUJIE/01_platform/api_swoole/app/Modules//Config//Controller//Http//Update//Sort.php, /cygdrive/d/SVN/WUJIE/01_platform/api_swoole/app/Modules//Config//Controller//Http//Update//Status.php
2026-02-05 20:07:30  文件发生改变了, 重启。变化的文件：/cygdrive/d/SVN/WUJIE/01_platform/api_swoole/app/Modules//Config//Controller//Http//Group//Add.php, /cygdrive/d/SVN/WUJIE/01_platform/api_swoole/app/Modules//Config//Controller//Http//Group//Delete.php, /cygdrive/d/SVN/WUJIE/01_platform/api_swoole/app/Modules//Config//Controller//Http//Group//Update.php
2026-02-05 20:07:32  文件发生改变了, 重启。变化的文件：/cygdrive/d/SVN/WUJIE/01_platform/api_swoole/app/Modules//Config//Controller//Http//Group//Get.php, /cygdrive/d/SVN/WUJIE/01_platform/api_swoole/app/Modules//Config//Controller//Http//Group//Query.php
2026-02-05 20:07:57  文件发生改变了, 重启。变化的文件：/cygdrive/d/SVN/WUJIE/01_platform/api_swoole/app/Modules//S3//Controller//Http//File//Add.php, /cygdrive/d/SVN/WUJIE/01_platform/api_swoole/app/Modules//S3//Controller//Http//File//BatchDelete.php, /cygdrive/d/SVN/WUJIE/01_platform/api_swoole/app/Modules//S3//Controller//Http//File//Delete.php, /cygdrive/d/SVN/WUJIE/01_platform/api_swoole/app/Modules//S3//Controller//Http//File//Get.php, /cygdrive/d/SVN/WUJIE/01_platform/api_swoole/app/Modules//S3//Controller//Http//File//Page.php, /cygdrive/d/SVN/WUJIE/01_platform/api_swoole/app/Modules//S3//Controller//Http//Folder//Add.php
2026-02-05 20:07:59  文件发生改变了, 重启。变化的文件：/cygdrive/d/SVN/WUJIE/01_platform/api_swoole/app/Modules//S3//Controller//Http//Folder//Delete.php
2026-02-05 20:08:20  文件发生改变了, 重启。变化的文件：/cygdrive/d/SVN/WUJIE/01_platform/api_swoole/app/Modules//Dashboard//Controller//Http//Workbench.php, /cygdrive/d/SVN/WUJIE/01_platform/api_swoole/app/Modules//Dashboard//Controller//Http//Workbench//Header.php, /cygdrive/d/SVN/WUJIE/01_platform/api_swoole/app/Modules//Dashboard//Controller//Http//Workbench//QuickNav.php, /cygdrive/d/SVN/WUJIE/01_platform/api_swoole/app/Modules//Dashboard//Controller//Http//Workbench//Trend.php
2026-02-05 20:08:24  文件发生改变了, 重启。变化的文件：/cygdrive/d/SVN/WUJIE/01_platform/api_swoole/app/Modules//Dashboard//Controller//Http//Workbench//Todo.php
2026-02-05 20:08:56  文件发生改变了, 重启。变化的文件：/cygdrive/d/SVN/WUJIE/01_platform/api_swoole/app/Modules//Feedback//Controller//Http//Add.php, /cygdrive/d/SVN/WUJIE/01_platform/api_swoole/app/Modules//Feedback//Controller//Http//Get.php, /cygdrive/d/SVN/WUJIE/01_platform/api_swoole/app/Modules//Feedback//Controller//Http//Page.php, /cygdrive/d/SVN/WUJIE/01_platform/api_swoole/app/Modules//Feedback//Controller//Http//Remove.php, /cygdrive/d/SVN/WUJIE/01_platform/api_swoole/app/Modules//Feedback//Controller//Http//Update//Reply.php, /cygdrive/d/SVN/WUJIE/01_platform/api_swoole/app/Modules//Feedback//Controller//Http//Update//Status.php
2026-02-05 20:09:34  文件发生改变了, 重启。变化的文件：/cygdrive/d/SVN/WUJIE/01_platform/api_swoole/app/Modules//Index//Controller//Http//Index.php, /cygdrive/d/SVN/WUJIE/01_platform/api_swoole/app/Modules//Index//Controller//Http//Init.php, /cygdrive/d/SVN/WUJIE/01_platform/api_swoole/app/Modules//Index//Controller//Http//Ip2Region.php
2026-02-05 20:09:36  文件发生改变了, 重启。变化的文件：/cygdrive/d/SVN/WUJIE/01_platform/api_swoole/app/Modules//TrackingPoint//Controller//Http//Add.php
2026-02-05 20:10:01  文件发生改变了, 重启。变化的文件：/cygdrive/d/SVN/WUJIE/01_platform/api_swoole/app/Modules//Develop//Controller//Http//Generate//ApiCode.php, /cygdrive/d/SVN/WUJIE/01_platform/api_swoole/app/Modules//Develop//Controller//Http//Generate//BaseCode.php, /cygdrive/d/SVN/WUJIE/01_platform/api_swoole/app/Modules//Develop//Controller//Http//Generate//QueryModule.php, /cygdrive/d/SVN/WUJIE/01_platform/api_swoole/app/Modules//Develop//Controller//Http//Generate//QuerySubModule.php
2026-02-05 20:10:03  文件发生改变了, 重启。变化的文件：/cygdrive/d/SVN/WUJIE/01_platform/api_swoole/app/Modules//Develop//Controller//Http//Table//Page.php
2026-02-05 20:10:14  文件发生改变了, 重启。变化的文件：/cygdrive/d/SVN/WUJIE/01_platform/api_swoole/app/Modules//Develop//Controller//Http//Table//Select.php
2026-02-05 20:10:20  文件发生改变了, 重启。变化的文件：/cygdrive/d/SVN/WUJIE/01_platform/api_swoole/app/Modules//Develop//Controller//Http//Table//Detail.php
2026-02-05 20:10:56  文件发生改变了, 重启。变化的文件：/cygdrive/d/SVN/WUJIE/01_platform/api_swoole/app/Modules//Maintenance//Controller//Http//Log//Runtime//PageRequest.php
2026-02-05 20:11:00  文件发生改变了, 重启。变化的文件：/cygdrive/d/SVN/WUJIE/01_platform/api_swoole/app/Modules//Maintenance//Controller//Http//Log//Runtime//PageDetail.php
2026-02-05 20:11:08  文件发生改变了, 重启。变化的文件：/cygdrive/d/SVN/WUJIE/01_platform/api_swoole/app/Modules//Maintenance//Controller//Http//Log//Operation//Page.php
2026-02-05 20:11:15  文件发生改变了, 重启。变化的文件：/cygdrive/d/SVN/WUJIE/01_platform/api_swoole/app/Modules//Maintenance//Controller//Http//Statistics//User//RegeisterDay.php
2026-02-05 20:11:29  文件发生改变了, 重启。变化的文件：/cygdrive/d/SVN/WUJIE/01_platform/api_swoole/app/Modules//Maintenance//Controller//Http//Statistics//User//RegeisterDayHour.php
2026-02-05 20:13:26  文件发生改变了, 重启。变化的文件：/cygdrive/d/SVN/WUJIE/01_platform/api_swoole/app/Modules//Config//Controller//Http//Add.php
2026-02-05 20:13:29  文件发生改变了, 重启。变化的文件：/cygdrive/d/SVN/WUJIE/01_platform/api_swoole/app/Modules//Config//Controller//Http//Add.php, /cygdrive/d/SVN/WUJIE/01_platform/api_swoole/app/Modules//Config//Controller//Http//Delete.php
2026-02-05 20:13:31  文件发生改变了, 重启。变化的文件：/cygdrive/d/SVN/WUJIE/01_platform/api_swoole/app/Modules//Config//Controller//Http//Query.php
2026-02-05 20:13:33  文件发生改变了, 重启。变化的文件：/cygdrive/d/SVN/WUJIE/01_platform/api_swoole/app/Modules//Config//Controller//Http//Get.php
2026-02-05 20:13:35  文件发生改变了, 重启。变化的文件：/cygdrive/d/SVN/WUJIE/01_platform/api_swoole/app/Modules//Config//Controller//Http//Page.php
2026-02-05 20:13:50  文件发生改变了, 重启。变化的文件：/cygdrive/d/SVN/WUJIE/01_platform/api_swoole/app/Modules//Config//Controller//Http//Update//Info.php, /cygdrive/d/SVN/WUJIE/01_platform/api_swoole/app/Modules//Config//Controller//Http//Update//Sort.php
2026-02-05 20:13:52  文件发生改变了, 重启。变化的文件：/cygdrive/d/SVN/WUJIE/01_platform/api_swoole/app/Modules//Config//Controller//Http//Group//Add.php, /cygdrive/d/SVN/WUJIE/01_platform/api_swoole/app/Modules//Config//Controller//Http//Group//Delete.php, /cygdrive/d/SVN/WUJIE/01_platform/api_swoole/app/Modules//Config//Controller//Http//Update//Multiple.php, /cygdrive/d/SVN/WUJIE/01_platform/api_swoole/app/Modules//Config//Controller//Http//Update//Status.php
2026-02-05 20:13:54  文件发生改变了, 重启。变化的文件：/cygdrive/d/SVN/WUJIE/01_platform/api_swoole/app/Modules//Config//Controller//Http//Group//Update.php
2026-02-05 20:13:58  文件发生改变了, 重启。变化的文件：/cygdrive/d/SVN/WUJIE/01_platform/api_swoole/app/Modules//Config//Controller//Http//Group//Query.php
2026-02-05 20:14:13  文件发生改变了, 重启。变化的文件：/cygdrive/d/SVN/WUJIE/01_platform/api_swoole/app/Modules//Config//Controller//Http//Group//Get.php
2026-02-05 20:14:28  文件发生改变了, 重启。变化的文件：/cygdrive/d/SVN/WUJIE/01_platform/api_swoole/app/Modules//Dashboard//Controller//Http//Workbench.php, /cygdrive/d/SVN/WUJIE/01_platform/api_swoole/app/Modules//Dashboard//Controller//Http//Workbench//QuickNav.php
2026-02-05 20:14:30  文件发生改变了, 重启。变化的文件：/cygdrive/d/SVN/WUJIE/01_platform/api_swoole/app/Modules//Dashboard//Controller//Http//Workbench//QuickNav.php, /cygdrive/d/SVN/WUJIE/01_platform/api_swoole/app/Modules//Dashboard//Controller//Http//Workbench//Todo.php
2026-02-05 20:14:42  文件发生改变了, 重启。变化的文件：/cygdrive/d/SVN/WUJIE/01_platform/api_swoole/app/Modules//Feedback//Controller//Http//Add.php, /cygdrive/d/SVN/WUJIE/01_platform/api_swoole/app/Modules//Feedback//Controller//Http//Get.php, /cygdrive/d/SVN/WUJIE/01_platform/api_swoole/app/Modules//Feedback//Controller//Http//Remove.php
2026-02-05 20:14:44  文件发生改变了, 重启。变化的文件：/cygdrive/d/SVN/WUJIE/01_platform/api_swoole/app/Modules//Feedback//Controller//Http//Get.php, /cygdrive/d/SVN/WUJIE/01_platform/api_swoole/app/Modules//Feedback//Controller//Http//Page.php, /cygdrive/d/SVN/WUJIE/01_platform/api_swoole/app/Modules//Feedback//Controller//Http//Update//Reply.php, /cygdrive/d/SVN/WUJIE/01_platform/api_swoole/app/Modules//Feedback//Controller//Http//Update//Status.php
2026-02-05 20:14:54  文件发生改变了, 重启。变化的文件：/cygdrive/d/SVN/WUJIE/01_platform/api_swoole/app/Modules//Index//Controller//Http//Init.php, /cygdrive/d/SVN/WUJIE/01_platform/api_swoole/app/Modules//Maintenance//Controller//Http//Statistics//User//RegeisterDay.php, /cygdrive/d/SVN/WUJIE/01_platform/api_swoole/app/Modules//Maintenance//Controller//Http//Statistics//User//RegeisterDayHour.php, /cygdrive/d/SVN/WUJIE/01_platform/api_swoole/app/Modules//TrackingPoint//Controller//Http//Add.php
2026-02-05 20:15:48  文件发生改变了, 重启。变化的文件：/cygdrive/d/SVN/WUJIE/01_platform/api_swoole/app/Modules//Dashboard//Controller//Http//Workbench.php
2026-02-05 20:15:50  文件发生改变了, 重启。变化的文件：/cygdrive/d/SVN/WUJIE/01_platform/api_swoole/app/Modules//Dashboard//Controller//Http//Workbench//Header.php, /cygdrive/d/SVN/WUJIE/01_platform/api_swoole/app/Modules//Dashboard//Controller//Http//Workbench//Trend.php, /cygdrive/d/SVN/WUJIE/01_platform/api_swoole/app/Modules//Maintenance//Controller//Http//Log//Operation//Page.php, /cygdrive/d/SVN/WUJIE/01_platform/api_swoole/app/Modules//Maintenance//Controller//Http//Log//Runtime//PageDetail.php, /cygdrive/d/SVN/WUJIE/01_platform/api_swoole/app/Modules//Maintenance//Controller//Http//Log//Runtime//PageRequest.php
2026-02-05 20:21:13  文件发生改变了, 重启。变化的文件：/cygdrive/d/SVN/WUJIE/01_platform/api_swoole/library/Route//Builder.php
2026-02-05 20:21:19  文件发生改变了, 重启。变化的文件：/cygdrive/d/SVN/WUJIE/01_platform/api_swoole/library/Facades//Route.php
2026-02-05 20:40:21  文件发生改变了, 重启。变化的文件：/cygdrive/d/SVN/WUJIE/01_platform/api_swoole/library/Core//Validator.php
2026-02-05 20:40:33  文件发生改变了, 重启。变化的文件：/cygdrive/d/SVN/WUJIE/01_platform/api_swoole/library/Core//MessageBag.php
2026-02-05 20:40:42  文件发生改变了, 重启。变化的文件：/cygdrive/d/SVN/WUJIE/01_platform/api_swoole/library/Core//Validator.php
2026-02-05 20:40:52  文件发生改变了, 重启。变化的文件：/cygdrive/d/SVN/WUJIE/01_platform/api_swoole/library/Facades//Validate.php
2026-02-05 20:41:09  文件发生改变了, 重启。变化的文件：/cygdrive/d/SVN/WUJIE/01_platform/api_swoole/library/Core//Validator.php
2026-02-05 20:41:38  文件发生改变了, 重启。变化的文件：/cygdrive/d/SVN/WUJIE/01_platform/api_swoole/library/Facades//Request.php
2026-02-05 20:42:17  文件发生改变了, 重启。变化的文件：/cygdrive/d/SVN/WUJIE/01_platform/api_swoole/app/Modules//Index//Controller//Http//Ip2Region.php
2026-02-05 20:42:24  文件发生改变了, 重启。变化的文件：/cygdrive/d/SVN/WUJIE/01_platform/api_swoole/app/Modules//Index//Controller//Http//Ip2Region.php
2026-02-05 20:42:36  文件发生改变了, 重启。变化的文件：/cygdrive/d/SVN/WUJIE/01_platform/api_swoole/app/Modules//Index//Controller//Http//Ip2Region.php
2026-02-05 20:42:47  文件发生改变了, 重启。变化的文件：/cygdrive/d/SVN/WUJIE/01_platform/api_swoole/app/Modules//Index//Controller//Http//Ip2Region.php
2026-02-05 20:43:04  文件发生改变了, 重启。变化的文件：/cygdrive/d/SVN/WUJIE/01_platform/api_swoole/app/Modules//Index//Controller//Http//Ip2Region.php
2026-02-05 20:44:12  文件发生改变了, 重启。变化的文件：/cygdrive/d/SVN/WUJIE/01_platform/api_swoole/app/Modules//Index//Controller//Http//Init.php
2026-02-05 20:50:48  文件发生改变了, 重启。变化的文件：/cygdrive/d/SVN/WUJIE/01_platform/api_swoole/app/Modules//Config//Controller//Http//Query.php
2026-02-05 20:51:05  文件发生改变了, 重启。变化的文件：/cygdrive/d/SVN/WUJIE/01_platform/api_swoole/app/Modules//Config//Controller//Http//Query.php
2026-02-05 20:51:19  文件发生改变了, 重启。变化的文件：/cygdrive/d/SVN/WUJIE/01_platform/api_swoole/app/Modules//Index//Controller//Http//Index.php
